[0.017s] Invoking command in '/home/jonnysamz/zavaquin-robot/build/roomba_description': CMAKE_PREFIX_PATH=${CMAKE_PREFIX_PATH}:/opt/ros/humble /usr/bin/cmake /home/jonnysamz/zavaquin-robot/src/robot_description -DCMAKE_INSTALL_PREFIX=/home/jonnysamz/zavaquin-robot/install/roomba_description
[0.165s] -- The C compiler identification is GNU 11.4.0
[0.215s] -- The CXX compiler identification is GNU 11.4.0
[0.229s] -- Detecting C compiler ABI info
[0.286s] -- Detecting C compiler ABI info - done
[0.294s] -- Check for working C compiler: /usr/bin/cc - skipped
[0.294s] -- Detecting C compile features
[0.294s] -- Detecting C compile features - done
[0.305s] -- Detecting CXX compiler ABI info
[0.372s] -- Detecting CXX compiler ABI info - done
[0.379s] -- Check for working CXX compiler: /usr/bin/c++ - skipped
[0.379s] -- Detecting CXX compile features
[0.379s] -- Detecting CXX compile features - done
[0.390s] -- Found ament_cmake: 1.3.8 (/opt/ros/humble/share/ament_cmake/cmake)
[0.534s] -- Found Python3: /usr/bin/python3 (found version "3.10.12") found components: Interpreter 
[0.622s] -- Found urdf: 2.6.0 (/opt/ros/humble/share/urdf/cmake)
[0.875s] -- Configuring done
[0.882s] -- Generating done
[0.884s] -- Build files have been written to: /home/jonnysamz/zavaquin-robot/build/roomba_description
[0.890s] Invoked command in '/home/jonnysamz/zavaquin-robot/build/roomba_description' returned '0': CMAKE_PREFIX_PATH=${CMAKE_PREFIX_PATH}:/opt/ros/humble /usr/bin/cmake /home/jonnysamz/zavaquin-robot/src/robot_description -DCMAKE_INSTALL_PREFIX=/home/jonnysamz/zavaquin-robot/install/roomba_description
[0.892s] Invoking command in '/home/jonnysamz/zavaquin-robot/build/roomba_description': CMAKE_PREFIX_PATH=${CMAKE_PREFIX_PATH}:/opt/ros/humble /usr/bin/cmake --build /home/jonnysamz/zavaquin-robot/build/roomba_description -- -j4 -l4
[0.922s] Invoked command in '/home/jonnysamz/zavaquin-robot/build/roomba_description' returned '0': CMAKE_PREFIX_PATH=${CMAKE_PREFIX_PATH}:/opt/ros/humble /usr/bin/cmake --build /home/jonnysamz/zavaquin-robot/build/roomba_description -- -j4 -l4
[0.949s] Invoking command in '/home/jonnysamz/zavaquin-robot/build/roomba_description': CMAKE_PREFIX_PATH=${CMAKE_PREFIX_PATH}:/opt/ros/humble /usr/bin/cmake --install /home/jonnysamz/zavaquin-robot/build/roomba_description
[0.955s] -- Install configuration: ""
[0.955s] -- Installing: /home/jonnysamz/zavaquin-robot/install/roomba_description/share/roomba_description/meshes
[0.955s] -- Installing: /home/jonnysamz/zavaquin-robot/install/roomba_description/share/roomba_description/meshes/laser_link.STL
[0.955s] -- Installing: /home/jonnysamz/zavaquin-robot/install/roomba_description/share/roomba_description/meshes/camera_link.STL
[0.955s] -- Installing: /home/jonnysamz/zavaquin-robot/install/roomba_description/share/roomba_description/meshes/wheel_right_link.STL
[0.956s] -- Installing: /home/jonnysamz/zavaquin-robot/install/roomba_description/share/roomba_description/meshes/base_link.STL
[0.956s] -- Installing: /home/jonnysamz/zavaquin-robot/install/roomba_description/share/roomba_description/meshes/wheel_left_link.STL
[0.956s] -- Installing: /home/jonnysamz/zavaquin-robot/install/roomba_description/share/roomba_description/meshes/imu_link.STL
[0.962s] -- Installing: /home/jonnysamz/zavaquin-robot/install/roomba_description/share/roomba_description/meshes/caster_wheel_link.STL
[0.963s] -- Installing: /home/jonnysamz/zavaquin-robot/install/roomba_description/share/roomba_description/rviz
[0.963s] -- Installing: /home/jonnysamz/zavaquin-robot/install/roomba_description/share/roomba_description/rviz/description.rviz
[0.963s] -- Installing: /home/jonnysamz/zavaquin-robot/install/roomba_description/share/roomba_description/rviz/model.rviz
[0.963s] -- Installing: /home/jonnysamz/zavaquin-robot/install/roomba_description/share/roomba_description/urdf
[0.963s] -- Installing: /home/jonnysamz/zavaquin-robot/install/roomba_description/share/roomba_description/urdf/ZavaQuin.urdf
[0.963s] -- Installing: /home/jonnysamz/zavaquin-robot/install/roomba_description/share/roomba_description/urdf/ZavaQuin.csv
[0.963s] -- Installing: /home/jonnysamz/zavaquin-robot/install/roomba_description/share/roomba_description/worlds
[0.963s] -- Installing: /home/jonnysamz/zavaquin-robot/install/roomba_description/share/roomba_description/worlds/ramel.world
[0.963s] -- Installing: /home/jonnysamz/zavaquin-robot/install/roomba_description/share/roomba_description/launch
[0.963s] -- Installing: /home/jonnysamz/zavaquin-robot/install/roomba_description/share/roomba_description/launch/gazebo.launch.py
[0.963s] -- Installing: /home/jonnysamz/zavaquin-robot/install/roomba_description/share/roomba_description/launch/display.launch.py
[0.963s] -- Installing: /home/jonnysamz/zavaquin-robot/install/roomba_description/share/ament_index/resource_index/package_run_dependencies/roomba_description
[0.963s] -- Installing: /home/jonnysamz/zavaquin-robot/install/roomba_description/share/ament_index/resource_index/parent_prefix_path/roomba_description
[0.964s] -- Installing: /home/jonnysamz/zavaquin-robot/install/roomba_description/share/roomba_description/environment/ament_prefix_path.sh
[0.964s] -- Installing: /home/jonnysamz/zavaquin-robot/install/roomba_description/share/roomba_description/environment/ament_prefix_path.dsv
[0.964s] -- Installing: /home/jonnysamz/zavaquin-robot/install/roomba_description/share/roomba_description/environment/path.sh
[0.964s] -- Installing: /home/jonnysamz/zavaquin-robot/install/roomba_description/share/roomba_description/environment/path.dsv
[0.964s] -- Installing: /home/jonnysamz/zavaquin-robot/install/roomba_description/share/roomba_description/local_setup.bash
[0.964s] -- Installing: /home/jonnysamz/zavaquin-robot/install/roomba_description/share/roomba_description/local_setup.sh
[0.964s] -- Installing: /home/jonnysamz/zavaquin-robot/install/roomba_description/share/roomba_description/local_setup.zsh
[0.964s] -- Installing: /home/jonnysamz/zavaquin-robot/install/roomba_description/share/roomba_description/local_setup.dsv
[0.964s] -- Installing: /home/jonnysamz/zavaquin-robot/install/roomba_description/share/roomba_description/package.dsv
[0.964s] -- Installing: /home/jonnysamz/zavaquin-robot/install/roomba_description/share/ament_index/resource_index/packages/roomba_description
[0.964s] -- Installing: /home/jonnysamz/zavaquin-robot/install/roomba_description/share/roomba_description/cmake/roomba_descriptionConfig.cmake
[0.965s] -- Installing: /home/jonnysamz/zavaquin-robot/install/roomba_description/share/roomba_description/cmake/roomba_descriptionConfig-version.cmake
[0.965s] -- Installing: /home/jonnysamz/zavaquin-robot/install/roomba_description/share/roomba_description/package.xml
[0.967s] Invoked command in '/home/jonnysamz/zavaquin-robot/build/roomba_description' returned '0': CMAKE_PREFIX_PATH=${CMAKE_PREFIX_PATH}:/opt/ros/humble /usr/bin/cmake --install /home/jonnysamz/zavaquin-robot/build/roomba_description
