[0.007s] Invoking command in '/home/jonnysamz/zavaquin-robot/build/roomba_description': /usr/bin/cmake /home/jonnysamz/zavaquin-robot/src/robot_description -DCMAKE_INSTALL_PREFIX=/home/jonnysamz/zavaquin-robot/install/roomba_description
[0.050s] -- The C compiler identification is GNU 11.4.0
[0.093s] -- The CXX compiler identification is GNU 11.4.0
[0.099s] -- Detecting C compiler ABI info
[0.156s] -- Detecting C compiler ABI info - done
[0.162s] -- Check for working C compiler: /usr/bin/cc - skipped
[0.162s] -- Detecting C compile features
[0.163s] -- Detecting C compile features - done
[0.165s] -- Detecting CXX compiler ABI info
[0.226s] -- Detecting CXX compiler ABI info - done
[0.234s] -- Check for working CXX compiler: /usr/bin/c++ - skipped
[0.235s] -- Detecting CXX compile features
[0.235s] -- Detecting CXX compile features - done
[0.243s] [31mCMake Error at CMakeLists.txt:8 (find_package):
[0.243s]   By not providing "Findament_cmake.cmake" in CMAKE_MODULE_PATH this project
[0.243s]   has asked CMake to find a package configuration file provided by
[0.243s]   "ament_cmake", but CMake did not find one.
[0.243s] 
[0.244s]   Could not find a package configuration file provided by "ament_cmake" with
[0.244s]   any of the following names:
[0.244s] 
[0.244s]     ament_cmakeConfig.cmake
[0.244s]     ament_cmake-config.cmake
[0.244s] 
[0.244s]   Add the installation prefix of "ament_cmake" to CMAKE_PREFIX_PATH or set
[0.244s]   "ament_cmake_DIR" to a directory containing one of the above files.  If
[0.244s]   "ament_cmake" provides a separate development package or SDK, be sure it
[0.244s]   has been installed.
[0.244s] 
[0.244s] [0m
[0.244s] -- Configuring incomplete, errors occurred!
[0.244s] See also "/home/jonnysamz/zavaquin-robot/build/roomba_description/CMakeFiles/CMakeOutput.log".
[0.247s] Invoked command in '/home/jonnysamz/zavaquin-robot/build/roomba_description' returned '1': /usr/bin/cmake /home/jonnysamz/zavaquin-robot/src/robot_description -DCMAKE_INSTALL_PREFIX=/home/jonnysamz/zavaquin-robot/install/roomba_description
