[0.009s] Invoking command in '/home/jonnysamz/zavaquin-robot/build/zavaquin_description': CMAKE_PREFIX_PATH=${CMAKE_PREFIX_PATH}:/opt/ros/humble /usr/bin/cmake /home/jonnysamz/zavaquin-robot/src/zavaquin_description -DCMAKE_INSTALL_PREFIX=/home/jonnysamz/zavaquin-robot/install/zavaquin_description
[0.051s] -- The C compiler identification is GNU 11.4.0
[0.095s] -- The CXX compiler identification is GNU 11.4.0
[0.102s] -- Detecting C compiler ABI info
[0.158s] -- Detecting C compiler ABI info - done
[0.164s] -- Check for working C compiler: /usr/bin/cc - skipped
[0.164s] -- Detecting C compile features
[0.165s] -- Detecting C compile features - done
[0.167s] -- Detecting CXX compiler ABI info
[0.230s] -- Detecting CXX compiler ABI info - done
[0.239s] -- Check for working CXX compiler: /usr/bin/c++ - skipped
[0.239s] -- Detecting CXX compile features
[0.240s] -- Detecting CXX compile features - done
[0.242s] -- Found ament_cmake: 1.3.8 (/opt/ros/humble/share/ament_cmake/cmake)
[0.375s] -- Found Python3: /usr/bin/python3 (found version "3.10.12") found components: Interpreter 
[0.454s] -- Found urdf: 2.6.0 (/opt/ros/humble/share/urdf/cmake)
[0.550s] -- Configuring done
[0.552s] -- Generating done
[0.552s] -- Build files have been written to: /home/jonnysamz/zavaquin-robot/build/zavaquin_description
[0.558s] Invoked command in '/home/jonnysamz/zavaquin-robot/build/zavaquin_description' returned '0': CMAKE_PREFIX_PATH=${CMAKE_PREFIX_PATH}:/opt/ros/humble /usr/bin/cmake /home/jonnysamz/zavaquin-robot/src/zavaquin_description -DCMAKE_INSTALL_PREFIX=/home/jonnysamz/zavaquin-robot/install/zavaquin_description
[0.560s] Invoking command in '/home/jonnysamz/zavaquin-robot/build/zavaquin_description': CMAKE_PREFIX_PATH=${CMAKE_PREFIX_PATH}:/opt/ros/humble /usr/bin/cmake --build /home/jonnysamz/zavaquin-robot/build/zavaquin_description -- -j4 -l4
[0.588s] Invoked command in '/home/jonnysamz/zavaquin-robot/build/zavaquin_description' returned '0': CMAKE_PREFIX_PATH=${CMAKE_PREFIX_PATH}:/opt/ros/humble /usr/bin/cmake --build /home/jonnysamz/zavaquin-robot/build/zavaquin_description -- -j4 -l4
[0.612s] Invoking command in '/home/jonnysamz/zavaquin-robot/build/zavaquin_description': CMAKE_PREFIX_PATH=${CMAKE_PREFIX_PATH}:/opt/ros/humble /usr/bin/cmake --install /home/jonnysamz/zavaquin-robot/build/zavaquin_description
[0.618s] -- Install configuration: ""
[0.618s] -- Installing: /home/jonnysamz/zavaquin-robot/install/zavaquin_description/share/zavaquin_description/meshes
[0.618s] -- Installing: /home/jonnysamz/zavaquin-robot/install/zavaquin_description/share/zavaquin_description/meshes/laser_link.STL
[0.618s] -- Installing: /home/jonnysamz/zavaquin-robot/install/zavaquin_description/share/zavaquin_description/meshes/camera_link.STL
[0.618s] -- Installing: /home/jonnysamz/zavaquin-robot/install/zavaquin_description/share/zavaquin_description/meshes/wheel_right_link.STL
[0.618s] -- Installing: /home/jonnysamz/zavaquin-robot/install/zavaquin_description/share/zavaquin_description/meshes/base_link.STL
[0.619s] -- Installing: /home/jonnysamz/zavaquin-robot/install/zavaquin_description/share/zavaquin_description/meshes/wheel_left_link.STL
[0.619s] -- Installing: /home/jonnysamz/zavaquin-robot/install/zavaquin_description/share/zavaquin_description/meshes/imu_link.STL
[0.626s] -- Installing: /home/jonnysamz/zavaquin-robot/install/zavaquin_description/share/zavaquin_description/meshes/caster_wheel_link.STL
[0.626s] -- Installing: /home/jonnysamz/zavaquin-robot/install/zavaquin_description/share/zavaquin_description/rviz
[0.626s] -- Installing: /home/jonnysamz/zavaquin-robot/install/zavaquin_description/share/zavaquin_description/rviz/description.rviz
[0.634s] -- Installing: /home/jonnysamz/zavaquin-robot/install/zavaquin_description/share/zavaquin_description/rviz/model.rviz
[0.634s] -- Installing: /home/jonnysamz/zavaquin-robot/install/zavaquin_description/share/zavaquin_description/urdf
[0.634s] -- Installing: /home/jonnysamz/zavaquin-robot/install/zavaquin_description/share/zavaquin_description/urdf/ZavaQuin.urdf.xacro
[0.634s] -- Installing: /home/jonnysamz/zavaquin-robot/install/zavaquin_description/share/zavaquin_description/urdf/ZavaQuin.csv
[0.635s] -- Installing: /home/jonnysamz/zavaquin-robot/install/zavaquin_description/share/zavaquin_description/worlds
[0.635s] -- Installing: /home/jonnysamz/zavaquin-robot/install/zavaquin_description/share/zavaquin_description/worlds/ramel.world
[0.635s] -- Installing: /home/jonnysamz/zavaquin-robot/install/zavaquin_description/share/zavaquin_description/launch
[0.635s] -- Installing: /home/jonnysamz/zavaquin-robot/install/zavaquin_description/share/zavaquin_description/launch/gazebo.launch.py
[0.635s] -- Installing: /home/jonnysamz/zavaquin-robot/install/zavaquin_description/share/zavaquin_description/launch/display.launch.py
[0.635s] -- Installing: /home/jonnysamz/zavaquin-robot/install/zavaquin_description/share/ament_index/resource_index/package_run_dependencies/zavaquin_description
[0.636s] -- Installing: /home/jonnysamz/zavaquin-robot/install/zavaquin_description/share/ament_index/resource_index/parent_prefix_path/zavaquin_description
[0.636s] -- Installing: /home/jonnysamz/zavaquin-robot/install/zavaquin_description/share/zavaquin_description/environment/ament_prefix_path.sh
[0.636s] -- Installing: /home/jonnysamz/zavaquin-robot/install/zavaquin_description/share/zavaquin_description/environment/ament_prefix_path.dsv
[0.636s] -- Installing: /home/jonnysamz/zavaquin-robot/install/zavaquin_description/share/zavaquin_description/environment/path.sh
[0.636s] -- Installing: /home/jonnysamz/zavaquin-robot/install/zavaquin_description/share/zavaquin_description/environment/path.dsv
[0.636s] -- Installing: /home/jonnysamz/zavaquin-robot/install/zavaquin_description/share/zavaquin_description/local_setup.bash
[0.637s] -- Installing: /home/jonnysamz/zavaquin-robot/install/zavaquin_description/share/zavaquin_description/local_setup.sh
[0.637s] -- Installing: /home/jonnysamz/zavaquin-robot/install/zavaquin_description/share/zavaquin_description/local_setup.zsh
[0.637s] -- Installing: /home/jonnysamz/zavaquin-robot/install/zavaquin_description/share/zavaquin_description/local_setup.dsv
[0.637s] -- Installing: /home/jonnysamz/zavaquin-robot/install/zavaquin_description/share/zavaquin_description/package.dsv
[0.637s] -- Installing: /home/jonnysamz/zavaquin-robot/install/zavaquin_description/share/ament_index/resource_index/packages/zavaquin_description
[0.637s] -- Installing: /home/jonnysamz/zavaquin-robot/install/zavaquin_description/share/zavaquin_description/cmake/zavaquin_descriptionConfig.cmake
[0.637s] -- Installing: /home/jonnysamz/zavaquin-robot/install/zavaquin_description/share/zavaquin_description/cmake/zavaquin_descriptionConfig-version.cmake
[0.637s] -- Installing: /home/jonnysamz/zavaquin-robot/install/zavaquin_description/share/zavaquin_description/package.xml
[0.639s] Invoked command in '/home/jonnysamz/zavaquin-robot/build/zavaquin_description' returned '0': CMAKE_PREFIX_PATH=${CMAKE_PREFIX_PATH}:/opt/ros/humble /usr/bin/cmake --install /home/jonnysamz/zavaquin-robot/build/zavaquin_description
