-- Install configuration: ""
-- Up-to-date: /home/jonnysamz/zavaquin-robot/install/zavaquin_description/share/zavaquin_description/meshes
-- Up-to-date: /home/jonnysamz/zavaquin-robot/install/zavaquin_description/share/zavaquin_description/meshes/laser_link.STL
-- Up-to-date: /home/jonnysamz/zavaquin-robot/install/zavaquin_description/share/zavaquin_description/meshes/camera_link.STL
-- Up-to-date: /home/jonnysamz/zavaquin-robot/install/zavaquin_description/share/zavaquin_description/meshes/wheel_right_link.STL
-- Up-to-date: /home/jonnysamz/zavaquin-robot/install/zavaquin_description/share/zavaquin_description/meshes/base_link.STL
-- Up-to-date: /home/jonnysamz/zavaquin-robot/install/zavaquin_description/share/zavaquin_description/meshes/wheel_left_link.STL
-- Up-to-date: /home/jonnysamz/zavaquin-robot/install/zavaquin_description/share/zavaquin_description/meshes/imu_link.STL
-- Up-to-date: /home/jonnysamz/zavaquin-robot/install/zavaquin_description/share/zavaquin_description/meshes/caster_wheel_link.STL
-- Up-to-date: /home/jonnysamz/zavaquin-robot/install/zavaquin_description/share/zavaquin_description/rviz
-- Up-to-date: /home/jonnysamz/zavaquin-robot/install/zavaquin_description/share/zavaquin_description/rviz/description.rviz
-- Up-to-date: /home/jonnysamz/zavaquin-robot/install/zavaquin_description/share/zavaquin_description/rviz/model.rviz
-- Up-to-date: /home/jonnysamz/zavaquin-robot/install/zavaquin_description/share/zavaquin_description/urdf
-- Installing: /home/jonnysamz/zavaquin-robot/install/zavaquin_description/share/zavaquin_description/urdf/ZavaQuin.urdf.xacro
-- Up-to-date: /home/jonnysamz/zavaquin-robot/install/zavaquin_description/share/zavaquin_description/urdf/ZavaQuin.csv
-- Up-to-date: /home/jonnysamz/zavaquin-robot/install/zavaquin_description/share/zavaquin_description/worlds
-- Up-to-date: /home/jonnysamz/zavaquin-robot/install/zavaquin_description/share/zavaquin_description/worlds/ramel.world
-- Up-to-date: /home/jonnysamz/zavaquin-robot/install/zavaquin_description/share/zavaquin_description/launch
-- Installing: /home/jonnysamz/zavaquin-robot/install/zavaquin_description/share/zavaquin_description/launch/gazebo.launch.py
-- Up-to-date: /home/jonnysamz/zavaquin-robot/install/zavaquin_description/share/zavaquin_description/launch/display.launch.py
-- Up-to-date: /home/jonnysamz/zavaquin-robot/install/zavaquin_description/share/ament_index/resource_index/package_run_dependencies/zavaquin_description
-- Up-to-date: /home/jonnysamz/zavaquin-robot/install/zavaquin_description/share/ament_index/resource_index/parent_prefix_path/zavaquin_description
-- Up-to-date: /home/jonnysamz/zavaquin-robot/install/zavaquin_description/share/zavaquin_description/environment/ament_prefix_path.sh
-- Up-to-date: /home/jonnysamz/zavaquin-robot/install/zavaquin_description/share/zavaquin_description/environment/ament_prefix_path.dsv
-- Up-to-date: /home/jonnysamz/zavaquin-robot/install/zavaquin_description/share/zavaquin_description/environment/path.sh
-- Up-to-date: /home/jonnysamz/zavaquin-robot/install/zavaquin_description/share/zavaquin_description/environment/path.dsv
-- Up-to-date: /home/jonnysamz/zavaquin-robot/install/zavaquin_description/share/zavaquin_description/local_setup.bash
-- Up-to-date: /home/jonnysamz/zavaquin-robot/install/zavaquin_description/share/zavaquin_description/local_setup.sh
-- Up-to-date: /home/jonnysamz/zavaquin-robot/install/zavaquin_description/share/zavaquin_description/local_setup.zsh
-- Up-to-date: /home/jonnysamz/zavaquin-robot/install/zavaquin_description/share/zavaquin_description/local_setup.dsv
-- Up-to-date: /home/jonnysamz/zavaquin-robot/install/zavaquin_description/share/zavaquin_description/package.dsv
-- Up-to-date: /home/jonnysamz/zavaquin-robot/install/zavaquin_description/share/ament_index/resource_index/packages/zavaquin_description
-- Up-to-date: /home/jonnysamz/zavaquin-robot/install/zavaquin_description/share/zavaquin_description/cmake/zavaquin_descriptionConfig.cmake
-- Up-to-date: /home/jonnysamz/zavaquin-robot/install/zavaquin_description/share/zavaquin_description/cmake/zavaquin_descriptionConfig-version.cmake
-- Up-to-date: /home/jonnysamz/zavaquin-robot/install/zavaquin_description/share/zavaquin_description/package.xml
