[0.014s] Invoking command in '/home/jonnysamz/zavaquin-robot/build/zavaquin_description': CMAKE_PREFIX_PATH=${CMAKE_PREFIX_PATH}:/opt/ros/humble /usr/bin/cmake --build /home/jonnysamz/zavaquin-robot/build/zavaquin_description -- -j4 -l4
[0.045s] Invoked command in '/home/jonnysamz/zavaquin-robot/build/zavaquin_description' returned '0': CMAKE_PREFIX_PATH=${CMAKE_PREFIX_PATH}:/opt/ros/humble /usr/bin/cmake --build /home/jonnysamz/zavaquin-robot/build/zavaquin_description -- -j4 -l4
[0.070s] Invoking command in '/home/jonnysamz/zavaquin-robot/build/zavaquin_description': CMAKE_PREFIX_PATH=${CMAKE_PREFIX_PATH}:/opt/ros/humble /usr/bin/cmake --install /home/jonnysamz/zavaquin-robot/build/zavaquin_description
[0.076s] -- Install configuration: ""
[0.076s] -- Up-to-date: /home/jonnysamz/zavaquin-robot/install/zavaquin_description/share/zavaquin_description/meshes
[0.077s] -- Up-to-date: /home/jonnysamz/zavaquin-robot/install/zavaquin_description/share/zavaquin_description/meshes/laser_link.STL
[0.077s] -- Up-to-date: /home/jonnysamz/zavaquin-robot/install/zavaquin_description/share/zavaquin_description/meshes/camera_link.STL
[0.077s] -- Up-to-date: /home/jonnysamz/zavaquin-robot/install/zavaquin_description/share/zavaquin_description/meshes/wheel_right_link.STL
[0.077s] -- Up-to-date: /home/jonnysamz/zavaquin-robot/install/zavaquin_description/share/zavaquin_description/meshes/base_link.STL
[0.077s] -- Up-to-date: /home/jonnysamz/zavaquin-robot/install/zavaquin_description/share/zavaquin_description/meshes/wheel_left_link.STL
[0.077s] -- Up-to-date: /home/jonnysamz/zavaquin-robot/install/zavaquin_description/share/zavaquin_description/meshes/imu_link.STL
[0.077s] -- Up-to-date: /home/jonnysamz/zavaquin-robot/install/zavaquin_description/share/zavaquin_description/meshes/caster_wheel_link.STL
[0.077s] -- Up-to-date: /home/jonnysamz/zavaquin-robot/install/zavaquin_description/share/zavaquin_description/rviz
[0.077s] -- Up-to-date: /home/jonnysamz/zavaquin-robot/install/zavaquin_description/share/zavaquin_description/rviz/description.rviz
[0.077s] -- Up-to-date: /home/jonnysamz/zavaquin-robot/install/zavaquin_description/share/zavaquin_description/rviz/model.rviz
[0.078s] -- Up-to-date: /home/jonnysamz/zavaquin-robot/install/zavaquin_description/share/zavaquin_description/urdf
[0.078s] -- Installing: /home/jonnysamz/zavaquin-robot/install/zavaquin_description/share/zavaquin_description/urdf/ZavaQuin.urdf.xacro
[0.078s] -- Up-to-date: /home/jonnysamz/zavaquin-robot/install/zavaquin_description/share/zavaquin_description/urdf/ZavaQuin.csv
[0.078s] -- Up-to-date: /home/jonnysamz/zavaquin-robot/install/zavaquin_description/share/zavaquin_description/worlds
[0.078s] -- Up-to-date: /home/jonnysamz/zavaquin-robot/install/zavaquin_description/share/zavaquin_description/worlds/ramel.world
[0.078s] -- Up-to-date: /home/jonnysamz/zavaquin-robot/install/zavaquin_description/share/zavaquin_description/launch
[0.078s] -- Installing: /home/jonnysamz/zavaquin-robot/install/zavaquin_description/share/zavaquin_description/launch/gazebo.launch.py
[0.078s] -- Up-to-date: /home/jonnysamz/zavaquin-robot/install/zavaquin_description/share/zavaquin_description/launch/display.launch.py
[0.078s] -- Up-to-date: /home/jonnysamz/zavaquin-robot/install/zavaquin_description/share/ament_index/resource_index/package_run_dependencies/zavaquin_description
[0.078s] -- Up-to-date: /home/jonnysamz/zavaquin-robot/install/zavaquin_description/share/ament_index/resource_index/parent_prefix_path/zavaquin_description
[0.078s] -- Up-to-date: /home/jonnysamz/zavaquin-robot/install/zavaquin_description/share/zavaquin_description/environment/ament_prefix_path.sh
[0.079s] -- Up-to-date: /home/jonnysamz/zavaquin-robot/install/zavaquin_description/share/zavaquin_description/environment/ament_prefix_path.dsv
[0.079s] -- Up-to-date: /home/jonnysamz/zavaquin-robot/install/zavaquin_description/share/zavaquin_description/environment/path.sh
[0.079s] -- Up-to-date: /home/jonnysamz/zavaquin-robot/install/zavaquin_description/share/zavaquin_description/environment/path.dsv
[0.079s] -- Up-to-date: /home/jonnysamz/zavaquin-robot/install/zavaquin_description/share/zavaquin_description/local_setup.bash
[0.079s] -- Up-to-date: /home/jonnysamz/zavaquin-robot/install/zavaquin_description/share/zavaquin_description/local_setup.sh
[0.079s] -- Up-to-date: /home/jonnysamz/zavaquin-robot/install/zavaquin_description/share/zavaquin_description/local_setup.zsh
[0.079s] -- Up-to-date: /home/jonnysamz/zavaquin-robot/install/zavaquin_description/share/zavaquin_description/local_setup.dsv
[0.079s] -- Up-to-date: /home/jonnysamz/zavaquin-robot/install/zavaquin_description/share/zavaquin_description/package.dsv
[0.079s] -- Up-to-date: /home/jonnysamz/zavaquin-robot/install/zavaquin_description/share/ament_index/resource_index/packages/zavaquin_description
[0.079s] -- Up-to-date: /home/jonnysamz/zavaquin-robot/install/zavaquin_description/share/zavaquin_description/cmake/zavaquin_descriptionConfig.cmake
[0.081s] -- Up-to-date: /home/jonnysamz/zavaquin-robot/install/zavaquin_description/share/zavaquin_description/cmake/zavaquin_descriptionConfig-version.cmake
[0.081s] -- Up-to-date: /home/jonnysamz/zavaquin-robot/install/zavaquin_description/share/zavaquin_description/package.xml
[0.082s] Invoked command in '/home/jonnysamz/zavaquin-robot/build/zavaquin_description' returned '0': CMAKE_PREFIX_PATH=${CMAKE_PREFIX_PATH}:/opt/ros/humble /usr/bin/cmake --install /home/jonnysamz/zavaquin-robot/build/zavaquin_description
