[0.011s] Invoking command in '/home/jonnysamz/zavaquin-robot/build/robot_description': CMAKE_PREFIX_PATH=${CMAKE_PREFIX_PATH}:/opt/ros/humble /usr/bin/cmake /home/jonnysamz/zavaquin-robot/src/zavaquin_description -DCMAKE_INSTALL_PREFIX=/home/jonnysamz/zavaquin-robot/install/robot_description
[0.182s] -- The C compiler identification is GNU 11.4.0
[0.342s] -- The CXX compiler identification is GNU 11.4.0
[0.352s] -- Detecting C compiler ABI info
[0.435s] -- Detecting C compiler ABI info - done
[0.444s] -- Check for working C compiler: /usr/bin/cc - skipped
[0.452s] -- Detecting C compile features
[0.453s] -- Detecting C compile features - done
[0.456s] -- Detecting CXX compiler ABI info
[0.551s] -- Detecting CXX compiler ABI info - done
[0.559s] -- Check for working CXX compiler: /usr/bin/c++ - skipped
[0.559s] -- Detecting CXX compile features
[0.560s] -- Detecting CXX compile features - done
[0.562s] -- Found ament_cmake: 1.3.8 (/opt/ros/humble/share/ament_cmake/cmake)
[0.713s] -- Found Python3: /usr/bin/python3 (found version "3.10.12") found components: Interpreter 
[0.807s] -- Found urdf: 2.6.0 (/opt/ros/humble/share/urdf/cmake)
[0.927s] [31mCMake Error at /opt/ros/humble/share/ament_cmake_core/cmake/core/ament_package_xml.cmake:53 (message):
[0.927s]   ament_package_xml() package name 'robot_description' in '/package.xml' does
[0.927s]   not match current PROJECT_NAME 'zavaquin_description'.  You must call
[0.928s]   project() with the same package name before.
[0.928s] Call Stack (most recent call first):
[0.928s]   /opt/ros/humble/share/ament_cmake_core/cmake/core/ament_package.cmake:63 (ament_package_xml)
[0.928s]   CMakeLists.txt:22 (ament_package)
[0.928s] 
[0.928s] [0m
[0.928s] -- Configuring incomplete, errors occurred!
[0.928s] See also "/home/jonnysamz/zavaquin-robot/build/robot_description/CMakeFiles/CMakeOutput.log".
[0.936s] Invoked command in '/home/jonnysamz/zavaquin-robot/build/robot_description' returned '1': CMAKE_PREFIX_PATH=${CMAKE_PREFIX_PATH}:/opt/ros/humble /usr/bin/cmake /home/jonnysamz/zavaquin-robot/src/zavaquin_description -DCMAKE_INSTALL_PREFIX=/home/jonnysamz/zavaquin-robot/install/robot_description
